<?xml version="1.0" encoding="utf-8"?><testsuites name="pytest tests"><testsuite name="pytest" errors="0" failures="0" skipped="1" tests="9" time="4.825" timestamp="2026-02-16T21:51:22.951339+00:00" hostname="agent-env-b2e98540-29ee-48a5-8bea-da83bb9e2a41"><testcase classname="backend.tests.test_iteration6_fixes.TestStaticMapImage" name="test_static_image_with_lat_lng_returns_200" time="0.339" /><testcase classname="backend.tests.test_iteration6_fixes.TestStaticMapImage" name="test_static_image_with_polyline_returns_200" time="0.215" /><testcase classname="backend.tests.test_iteration6_fixes.TestStaticMapImage" name="test_static_image_no_params_returns_400" time="0.366" /><testcase classname="backend.tests.test_iteration6_fixes.TestMeEndpointPrivacy" name="test_get_me_returns_privacy_field" time="0.906" /><testcase classname="backend.tests.test_iteration6_fixes.TestMeEndpointPrivacy" name="test_patch_me_with_privacy_saves_settings" time="1.053" /><testcase classname="backend.tests.test_iteration6_fixes.TestUserProfileRelationship" name="test_get_user_returns_relationship_self" time="0.663" /><testcase classname="backend.tests.test_iteration6_fixes.TestUserProfileRelationship" name="test_get_other_user_returns_relationship" time="0.750" /><testcase classname="backend.tests.test_iteration6_fixes.TestFriendsRemove" name="test_friends_remove_success" time="0.164"><skipped type="pytest.skip" message="Cannot test remove - relationship is request_sent">/app/backend/tests/test_iteration6_fixes.py:281: Cannot test remove - relationship is request_sent</skipped></testcase><testcase classname="backend.tests.test_iteration6_fixes.TestFriendsRemove" name="test_friends_remove_not_friend_returns_400" time="0.310" /></testsuite></testsuites>