<?xml version="1.0" encoding="utf-8"?><testsuites name="pytest tests"><testsuite name="pytest" errors="0" failures="0" skipped="0" tests="7" time="1.394" timestamp="2026-03-08T09:27:49.446616+00:00" hostname="agent-env-b7da2151-713b-4ea9-8129-b243d14ae47e"><testcase classname="tests.test_meeting_point_routes.TestRoutesEndpoints" name="test_health_check" time="0.119" /><testcase classname="tests.test_meeting_point_routes.TestRoutesEndpoints" name="test_login_works" time="0.328" /><testcase classname="tests.test_meeting_point_routes.TestRoutesEndpoints" name="test_get_routes_returns_meeting_point" time="0.118" /><testcase classname="tests.test_meeting_point_routes.TestRoutesEndpoints" name="test_get_my_routes_returns_meeting_point" time="0.110" /><testcase classname="tests.test_meeting_point_routes.TestRoutesEndpoints" name="test_create_route_with_meeting_point" time="0.453" /><testcase classname="tests.test_meeting_point_routes.TestRoutesEndpoints" name="test_routes_without_auth_returns_401" time="0.098" /><testcase classname="tests.test_meeting_point_routes.TestRoutesEndpoints" name="test_routes_my_without_auth_returns_401" time="0.107" /></testsuite></testsuites>