<?xml version="1.0" encoding="utf-8"?><testsuites name="pytest tests"><testsuite name="pytest" errors="0" failures="0" skipped="0" tests="11" time="4.000" timestamp="2026-02-16T20:37:10.839727+00:00" hostname="agent-env-f36f3bc4-ad23-4847-aeb6-d718da15a086"><testcase classname="backend.tests.test_moto_go_iteration2.TestHealthCheck" name="test_health_endpoint" time="0.368" /><testcase classname="backend.tests.test_moto_go_iteration2.TestAuthentication" name="test_login_success" time="0.379" /><testcase classname="backend.tests.test_moto_go_iteration2.TestAuthentication" name="test_login_invalid_credentials" time="0.238" /><testcase classname="backend.tests.test_moto_go_iteration2.TestMeEndpoint" name="test_get_me" time="0.826" /><testcase classname="backend.tests.test_moto_go_iteration2.TestRoutesEndpoint" name="test_get_routes" time="0.207" /><testcase classname="backend.tests.test_moto_go_iteration2.TestEventsEndpoint" name="test_get_events" time="0.200" /><testcase classname="backend.tests.test_moto_go_iteration2.TestMapEndpoints" name="test_map_events" time="0.155" /><testcase classname="backend.tests.test_moto_go_iteration2.TestMapEndpoints" name="test_gas_service_endpoint" time="0.668" /><testcase classname="backend.tests.test_moto_go_iteration2.TestMapEndpoints" name="test_police_reports_get" time="0.536" /><testcase classname="backend.tests.test_moto_go_iteration2.TestLicenseStatus" name="test_license_status" time="0.191" /><testcase classname="backend.tests.test_moto_go_iteration2.TestNotifications" name="test_unread_count" time="0.172" /></testsuite></testsuites>