<?xml version="1.0" encoding="utf-8"?><testsuites name="pytest tests"><testsuite name="pytest" errors="0" failures="2" skipped="0" tests="12" time="5.048" timestamp="2026-02-21T12:57:46.194111+00:00" hostname="agent-env-c7704619-1e22-471f-9e18-5edf6a745bdb"><testcase classname="backend.tests.test_location_sharing.TestLocationSharing" name="test_health_endpoint" time="0.266" /><testcase classname="backend.tests.test_location_sharing.TestLocationSharing" name="test_location_update_requires_auth" time="0.153"><failure message="assert 401 == 403&#10; +  where 401 = &lt;Response [401]&gt;.status_code">backend/tests/test_location_sharing.py:50: in test_location_update_requires_auth
    assert response.status_code == 403  # No auth header
    ^^^^^^^^^^^^^^^^^^^^^^^^^^^^^^^^^^
E   assert 401 == 403
E    +  where 401 = &lt;Response [401]&gt;.status_code</failure></testcase><testcase classname="backend.tests.test_location_sharing.TestLocationSharing" name="test_location_update_success" time="0.455" /><testcase classname="backend.tests.test_location_sharing.TestLocationSharing" name="test_location_update_validates_lat_bounds" time="0.454" /><testcase classname="backend.tests.test_location_sharing.TestLocationSharing" name="test_location_update_validates_lng_bounds" time="0.498" /><testcase classname="backend.tests.test_location_sharing.TestLocationSharing" name="test_friends_locations_requires_auth" time="0.107"><failure message="assert 401 == 403&#10; +  where 401 = &lt;Response [401]&gt;.status_code">backend/tests/test_location_sharing.py:122: in test_friends_locations_requires_auth
    assert response.status_code == 403  # No auth header
    ^^^^^^^^^^^^^^^^^^^^^^^^^^^^^^^^^^
E   assert 401 == 403
E    +  where 401 = &lt;Response [401]&gt;.status_code</failure></testcase><testcase classname="backend.tests.test_location_sharing.TestLocationSharing" name="test_friends_locations_returns_array" time="0.402" /><testcase classname="backend.tests.test_location_sharing.TestLocationSharing" name="test_friends_locations_structure" time="0.767" /><testcase classname="backend.tests.test_location_sharing.TestLocationSharingEdgeCases" name="test_location_update_missing_lat" time="0.377" /><testcase classname="backend.tests.test_location_sharing.TestLocationSharingEdgeCases" name="test_location_update_missing_lng" time="0.382" /><testcase classname="backend.tests.test_location_sharing.TestLocationSharingEdgeCases" name="test_location_update_empty_body" time="0.391" /><testcase classname="backend.tests.test_location_sharing.TestLocationSharingEdgeCases" name="test_location_update_boundary_values" time="0.703" /></testsuite></testsuites>