<?xml version="1.0" encoding="utf-8"?><testsuites name="pytest tests"><testsuite name="pytest" errors="0" failures="0" skipped="0" tests="10" time="1.838" timestamp="2026-03-25T14:11:14.219545+00:00" hostname="agent-env-61d6df81-b7ed-4c44-b2db-0720598c50a7"><testcase classname="tests.test_iteration14_google_auth_compat.TestGoogleAuthCompatibility" name="test_google_callback_returns_html_not_404" time="0.229" /><testcase classname="tests.test_iteration14_google_auth_compat.TestGoogleAuthCompatibility" name="test_google_pending_returns_404_not_route_not_found" time="0.112" /><testcase classname="tests.test_iteration14_google_auth_compat.TestGoogleAuthCompatibility" name="test_google_pending_session_returns_401_for_invalid_session" time="0.241" /><testcase classname="tests.test_iteration14_google_auth_compat.TestGoogleAuthCompatibility" name="test_google_auth_returns_401_for_invalid_session" time="0.210" /><testcase classname="tests.test_iteration14_google_auth_compat.TestExistingAuthEndpoints" name="test_health_endpoint" time="0.122" /><testcase classname="tests.test_iteration14_google_auth_compat.TestExistingAuthEndpoints" name="test_login_with_valid_credentials" time="0.371" /><testcase classname="tests.test_iteration14_google_auth_compat.TestExistingAuthEndpoints" name="test_login_with_invalid_credentials" time="0.129" /><testcase classname="tests.test_iteration14_google_auth_compat.TestGoogleCallbackPageContent" name="test_callback_page_has_deep_link" time="0.109" /><testcase classname="tests.test_iteration14_google_auth_compat.TestGoogleCallbackPageContent" name="test_callback_page_has_pending_session_call" time="0.151" /><testcase classname="tests.test_iteration14_google_auth_compat.TestGoogleCallbackPageContent" name="test_callback_page_parses_session_id" time="0.105" /></testsuite></testsuites>