<?xml version="1.0" encoding="utf-8"?><testsuites name="pytest tests"><testsuite name="pytest" errors="0" failures="0" skipped="0" tests="8" time="5.631" timestamp="2026-02-16T20:21:02.582543+00:00" hostname="agent-env-f36f3bc4-ad23-4847-aeb6-d718da15a086"><testcase classname="test_moto_go_api.TestHealthAndAuth" name="test_health_check" time="0.307" /><testcase classname="test_moto_go_api.TestHealthAndAuth" name="test_login_success" time="0.477" /><testcase classname="test_moto_go_api.TestHealthAndAuth" name="test_login_invalid_credentials" time="0.151" /><testcase classname="test_moto_go_api.TestMapEndpoints" name="test_map_events" time="0.697" /><testcase classname="test_moto_go_api.TestMapEndpoints" name="test_map_gas_service" time="1.095" /><testcase classname="test_moto_go_api.TestMapEndpoints" name="test_map_police_reports" time="0.816" /><testcase classname="test_moto_go_api.TestRoutesEndpoints" name="test_get_routes" time="0.750" /><testcase classname="test_moto_go_api.TestUserEndpoints" name="test_get_me" time="1.281" /></testsuite></testsuites>