<?xml version="1.0" encoding="utf-8"?><testsuites name="pytest tests"><testsuite name="pytest" errors="0" failures="0" skipped="0" tests="9" time="3.685" timestamp="2026-03-25T14:30:05.724087+00:00" hostname="agent-env-61d6df81-b7ed-4c44-b2db-0720598c50a7"><testcase classname="backend.tests.test_iteration16_premium_features.TestPremiumAuth" name="test_login_success" time="0.366" /><testcase classname="backend.tests.test_iteration16_premium_features.TestPremiumBike" name="test_get_bike_data" time="0.493" /><testcase classname="backend.tests.test_iteration16_premium_features.TestPremiumBike" name="test_update_bike_data" time="0.139" /><testcase classname="backend.tests.test_iteration16_premium_features.TestPremiumHistoryRoutes" name="test_get_route_history" time="0.455" /><testcase classname="backend.tests.test_iteration16_premium_features.TestPremiumHistoryFreeRides" name="test_get_free_ride_history" time="0.443" /><testcase classname="backend.tests.test_iteration16_premium_features.TestPremiumFreeRideFlow" name="test_check_active_free_ride" time="0.475" /><testcase classname="backend.tests.test_iteration16_premium_features.TestPremiumFreeRideFlow" name="test_start_free_ride" time="0.233" /><testcase classname="backend.tests.test_iteration16_premium_features.TestPremiumStatus" name="test_get_premium_status" time="0.543" /><testcase classname="backend.tests.test_iteration16_premium_features.TestMaintenanceTips" name="test_get_maintenance_tips" time="0.468" /></testsuite></testsuites>