<?xml version="1.0" encoding="utf-8"?><testsuites name="pytest tests"><testsuite name="pytest" errors="0" failures="0" skipped="0" tests="10" time="4.181" timestamp="2026-03-25T14:21:24.268152+00:00" hostname="agent-env-61d6df81-b7ed-4c44-b2db-0720598c50a7"><testcase classname="tests.test_iteration15_google_callback_route.TestFrontendGoogleCallbackRoute" name="test_frontend_callback_route_exists" time="0.920" /><testcase classname="tests.test_iteration15_google_callback_route.TestFrontendGoogleCallbackRoute" name="test_frontend_callback_with_invalid_session_id" time="0.551" /><testcase classname="tests.test_iteration15_google_callback_route.TestBackendGoogleCallbackCompatibility" name="test_backend_callback_returns_html" time="0.127" /><testcase classname="tests.test_iteration15_google_callback_route.TestBackendGoogleCallbackCompatibility" name="test_backend_callback_has_deep_link" time="0.139" /><testcase classname="tests.test_iteration15_google_callback_route.TestAuthLoginAndWelcomePages" name="test_login_page_loads" time="0.810" /><testcase classname="tests.test_iteration15_google_callback_route.TestAuthLoginAndWelcomePages" name="test_welcome_page_loads" time="0.550" /><testcase classname="tests.test_iteration15_google_callback_route.TestGoogleAuthEndpoints" name="test_google_auth_endpoint_exists" time="0.244" /><testcase classname="tests.test_iteration15_google_callback_route.TestGoogleAuthEndpoints" name="test_google_pending_session_endpoint_exists" time="0.328" /><testcase classname="tests.test_iteration15_google_callback_route.TestHealthAndBasicEndpoints" name="test_health_endpoint" time="0.108" /><testcase classname="tests.test_iteration15_google_callback_route.TestHealthAndBasicEndpoints" name="test_login_with_valid_credentials" time="0.349" /></testsuite></testsuites>