<?xml version="1.0" encoding="utf-8"?><testsuites name="pytest tests"><testsuite name="pytest" errors="0" failures="0" skipped="0" tests="14" time="7.773" timestamp="2026-02-16T22:21:00.709228+00:00" hostname="agent-env-1b2b6c94-d6e1-48ac-aecc-10eca7d0b180"><testcase classname="backend.tests.test_iteration7_i18n.TestHealthEndpoint" name="test_health_check" time="0.398" /><testcase classname="backend.tests.test_iteration7_i18n.TestAuthEndpoints" name="test_login_user1_success" time="0.623" /><testcase classname="backend.tests.test_iteration7_i18n.TestAuthEndpoints" name="test_login_invalid_credentials" time="0.199" /><testcase classname="backend.tests.test_iteration7_i18n.TestMeEndpoint" name="test_get_me" time="0.957" /><testcase classname="backend.tests.test_iteration7_i18n.TestMeEndpoint" name="test_get_me_no_auth" time="0.128" /><testcase classname="backend.tests.test_iteration7_i18n.TestRoutesEndpoint" name="test_get_routes" time="0.608" /><testcase classname="backend.tests.test_iteration7_i18n.TestRoutesEndpoint" name="test_routes_requires_auth" time="0.193" /><testcase classname="backend.tests.test_iteration7_i18n.TestEventsEndpoint" name="test_get_events" time="0.518" /><testcase classname="backend.tests.test_iteration7_i18n.TestEventsEndpoint" name="test_events_requires_auth" time="0.161" /><testcase classname="backend.tests.test_iteration7_i18n.TestMarketplaceEndpoint" name="test_get_marketplace_listings" time="1.252" /><testcase classname="backend.tests.test_iteration7_i18n.TestMarketplaceEndpoint" name="test_marketplace_requires_auth" time="0.155" /><testcase classname="backend.tests.test_iteration7_i18n.TestStatsEndpoint" name="test_get_stats" time="0.523" /><testcase classname="backend.tests.test_iteration7_i18n.TestFriendsEndpoint" name="test_get_friends" time="1.251" /><testcase classname="backend.tests.test_iteration7_i18n.TestMapEndpoint" name="test_static_map_image" time="0.745" /></testsuite></testsuites>