<?xml version="1.0" encoding="utf-8"?><testsuites name="pytest tests"><testsuite name="pytest" errors="0" failures="0" skipped="1" tests="15" time="7.022" timestamp="2026-02-21T11:54:47.119184+00:00" hostname="agent-env-27bc28c6-c023-48b5-b3d8-9c3b33ee9f2b"><testcase classname="backend.tests.test_ride_control_panel.TestRideControlPanelAPIs" name="test_login_success" time="0.472" /><testcase classname="backend.tests.test_ride_control_panel.TestRideControlPanelAPIs" name="test_get_active_ride_for_home_no_ride" time="0.513" /><testcase classname="backend.tests.test_ride_control_panel.TestRideControlPanelAPIs" name="test_get_active_ride_no_ride" time="0.475" /><testcase classname="backend.tests.test_ride_control_panel.TestRideControlPanelAPIs" name="test_start_ride_requires_verified_license" time="0.544" /><testcase classname="backend.tests.test_ride_control_panel.TestRideControlPanelAPIs" name="test_start_ride_invalid_route" time="0.424" /><testcase classname="backend.tests.test_ride_control_panel.TestRideControlPanelAPIs" name="test_pause_ride_no_active_session" time="0.491" /><testcase classname="backend.tests.test_ride_control_panel.TestRideControlPanelAPIs" name="test_pause_ride_missing_session_id" time="0.461" /><testcase classname="backend.tests.test_ride_control_panel.TestRideControlPanelAPIs" name="test_resume_ride_no_paused_session" time="0.444" /><testcase classname="backend.tests.test_ride_control_panel.TestRideControlPanelAPIs" name="test_resume_ride_missing_session_id" time="0.427" /><testcase classname="backend.tests.test_ride_control_panel.TestRideControlPanelAPIs" name="test_end_ride_no_active_session" time="0.484" /><testcase classname="backend.tests.test_ride_control_panel.TestRideControlPanelAPIs" name="test_cancel_ride_no_session" time="0.437" /><testcase classname="backend.tests.test_ride_control_panel.TestRideControlPanelAPIs" name="test_get_my_routes" time="0.449" /><testcase classname="backend.tests.test_ride_control_panel.TestRideControlPanelAPIs" name="test_my_routes_include_participant_count" time="0.476" /><testcase classname="backend.tests.test_ride_control_panel.TestRideControlPanelAPIs" name="test_active_ride_response_structure" time="0.426" /><testcase classname="backend.tests.test_ride_control_panel.TestRideWorkflow" name="test_ride_workflow_without_license" time="0.432"><skipped type="pytest.skip" message="User already has verified license - skip this test">/app/backend/tests/test_ride_control_panel.py:330: User already has verified license - skip this test</skipped></testcase></testsuite></testsuites>