<?xml version="1.0" encoding="utf-8"?><testsuites name="pytest tests"><testsuite name="pytest" errors="6" failures="2" skipped="3" tests="85" time="13.895" timestamp="2026-03-03T07:10:49.115109+00:00" hostname="agent-env-cf1a09ee-61ee-4949-b48f-6f6653960b79"><testcase classname="backend.tests.test_comprehensive_regression.TestHealth" name="test_health_check" time="0.257" /><testcase classname="backend.tests.test_comprehensive_regression.TestHealth" name="test_realtime_health" time="0.055" /><testcase classname="backend.tests.test_comprehensive_regression.TestAuth" name="test_register_new_user" time="0.314" /><testcase classname="backend.tests.test_comprehensive_regression.TestAuth" name="test_register_duplicate_email_returns_409" time="0.058" /><testcase classname="backend.tests.test_comprehensive_regression.TestAuth" name="test_login_user1" time="0.275" /><testcase classname="backend.tests.test_comprehensive_regression.TestAuth" name="test_login_invalid_credentials_returns_401" time="0.272" /><testcase classname="backend.tests.test_comprehensive_regression.TestAuth" name="test_get_me" time="5.893" /><testcase classname="backend.tests.test_comprehensive_regression.TestAuth" name="test_get_me_without_token_returns_401" time="0.047" /><testcase classname="backend.tests.test_comprehensive_regression.TestAuth" name="test_get_license_status" time="0.055" /><testcase classname="backend.tests.test_comprehensive_regression.TestAuth" name="test_get_subscription" time="0.059" /><testcase classname="backend.tests.test_comprehensive_regression.TestUsers" name="test_users_search" time="0.067" /><testcase classname="backend.tests.test_comprehensive_regression.TestUsers" name="test_users_search_with_q_param_422" time="0.057" /><testcase classname="backend.tests.test_comprehensive_regression.TestUsers" name="test_get_user_by_id" time="0.252" /><testcase classname="backend.tests.test_comprehensive_regression.TestUsers" name="test_get_nonexistent_user_returns_404" time="0.058" /><testcase classname="backend.tests.test_comprehensive_regression.TestUsers" name="test_get_stats" time="0.107" /><testcase classname="backend.tests.test_comprehensive_regression.TestFriends" name="test_get_friends_list" time="0.063" /><testcase classname="backend.tests.test_comprehensive_regression.TestFriends" name="test_get_friend_requests" time="0.071" /><testcase classname="backend.tests.test_comprehensive_regression.TestFriends" name="test_send_friend_request_to_user2" time="0.625" /><testcase classname="backend.tests.test_comprehensive_regression.TestFriends" name="test_get_friends_locations" time="0.055" /><testcase classname="backend.tests.test_comprehensive_regression.TestLocation" name="test_update_location" time="0.060" /><testcase classname="backend.tests.test_comprehensive_regression.TestLocation" name="test_update_location_invalid_lat_returns_422" time="0.053" /><testcase classname="backend.tests.test_comprehensive_regression.TestLocation" name="test_update_location_no_token_returns_401" time="0.047" /><testcase classname="backend.tests.test_comprehensive_regression.TestRoutes" name="test_create_route" time="0.054"><failure message="AssertionError: Route create failed: {&quot;detail&quot;:[{&quot;type&quot;:&quot;greater_than_equal&quot;,&quot;loc&quot;:[&quot;body&quot;,&quot;min_engine_cc&quot;],&quot;msg&quot;:&quot;Input should be greater than or equal to 50&quot;,&quot;input&quot;:0,&quot;ctx&quot;:{&quot;ge&quot;:50},&quot;url&quot;:&quot;https://errors.pydantic.dev/2.12/v/greater_than_equal&quot;}]}&#10;assert 422 == 200&#10; +  where 422 = &lt;Response [422]&gt;.status_code">backend/tests/test_comprehensive_regression.py:383: in test_create_route
    assert resp.status_code == 200, f"Route create failed: {resp.text}"
E   AssertionError: Route create failed: {"detail":[{"type":"greater_than_equal","loc":["body","min_engine_cc"],"msg":"Input should be greater than or equal to 50","input":0,"ctx":{"ge":50},"url":"https://errors.pydantic.dev/2.12/v/greater_than_equal"}]}
E   assert 422 == 200
E    +  where 422 = &lt;Response [422]&gt;.status_code</failure></testcase><testcase classname="backend.tests.test_comprehensive_regression.TestRoutes" name="test_list_routes" time="0.060" /><testcase classname="backend.tests.test_comprehensive_regression.TestRoutes" name="test_get_my_routes" time="0.062" /><testcase classname="backend.tests.test_comprehensive_regression.TestRoutes" name="test_update_route" time="0.051"><error message="failed on setup with &quot;AssertionError: Route creation failed: {&quot;detail&quot;:[{&quot;type&quot;:&quot;greater_than_equal&quot;,&quot;loc&quot;:[&quot;body&quot;,&quot;min_engine_cc&quot;],&quot;msg&quot;:&quot;Input should be greater than or equal to 50&quot;,&quot;input&quot;:0,&quot;ctx&quot;:{&quot;ge&quot;:50},&quot;url&quot;:&quot;https://errors.pydantic.dev/2.12/v/greater_than_equal&quot;}]}&#10;assert 422 == 200&#10; +  where 422 = &lt;Response [422]&gt;.status_code&quot;">backend/tests/test_comprehensive_regression.py:356: in created_route_id
    assert resp.status_code == 200, f"Route creation failed: {resp.text}"
E   AssertionError: Route creation failed: {"detail":[{"type":"greater_than_equal","loc":["body","min_engine_cc"],"msg":"Input should be greater than or equal to 50","input":0,"ctx":{"ge":50},"url":"https://errors.pydantic.dev/2.12/v/greater_than_equal"}]}
E   assert 422 == 200
E    +  where 422 = &lt;Response [422]&gt;.status_code</error></testcase><testcase classname="backend.tests.test_comprehensive_regression.TestRoutes" name="test_route_join_without_license_returns_403" time="0.000"><error message="failed on setup with &quot;AssertionError: Route creation failed: {&quot;detail&quot;:[{&quot;type&quot;:&quot;greater_than_equal&quot;,&quot;loc&quot;:[&quot;body&quot;,&quot;min_engine_cc&quot;],&quot;msg&quot;:&quot;Input should be greater than or equal to 50&quot;,&quot;input&quot;:0,&quot;ctx&quot;:{&quot;ge&quot;:50},&quot;url&quot;:&quot;https://errors.pydantic.dev/2.12/v/greater_than_equal&quot;}]}&#10;assert 422 == 200&#10; +  where 422 = &lt;Response [422]&gt;.status_code&quot;">backend/tests/test_comprehensive_regression.py:356: in created_route_id
    assert resp.status_code == 200, f"Route creation failed: {resp.text}"
E   AssertionError: Route creation failed: {"detail":[{"type":"greater_than_equal","loc":["body","min_engine_cc"],"msg":"Input should be greater than or equal to 50","input":0,"ctx":{"ge":50},"url":"https://errors.pydantic.dev/2.12/v/greater_than_equal"}]}
E   assert 422 == 200
E    +  where 422 = &lt;Response [422]&gt;.status_code</error></testcase><testcase classname="backend.tests.test_comprehensive_regression.TestRoutes" name="test_admin_verify_license_for_user1" time="0.272" /><testcase classname="backend.tests.test_comprehensive_regression.TestRoutes" name="test_route_join_with_license" time="0.000"><error message="failed on setup with &quot;AssertionError: Route creation failed: {&quot;detail&quot;:[{&quot;type&quot;:&quot;greater_than_equal&quot;,&quot;loc&quot;:[&quot;body&quot;,&quot;min_engine_cc&quot;],&quot;msg&quot;:&quot;Input should be greater than or equal to 50&quot;,&quot;input&quot;:0,&quot;ctx&quot;:{&quot;ge&quot;:50},&quot;url&quot;:&quot;https://errors.pydantic.dev/2.12/v/greater_than_equal&quot;}]}&#10;assert 422 == 200&#10; +  where 422 = &lt;Response [422]&gt;.status_code&quot;">backend/tests/test_comprehensive_regression.py:356: in created_route_id
    assert resp.status_code == 200, f"Route creation failed: {resp.text}"
E   AssertionError: Route creation failed: {"detail":[{"type":"greater_than_equal","loc":["body","min_engine_cc"],"msg":"Input should be greater than or equal to 50","input":0,"ctx":{"ge":50},"url":"https://errors.pydantic.dev/2.12/v/greater_than_equal"}]}
E   assert 422 == 200
E    +  where 422 = &lt;Response [422]&gt;.status_code</error></testcase><testcase classname="backend.tests.test_comprehensive_regression.TestRoutes" name="test_route_leave" time="0.000"><error message="failed on setup with &quot;AssertionError: Route creation failed: {&quot;detail&quot;:[{&quot;type&quot;:&quot;greater_than_equal&quot;,&quot;loc&quot;:[&quot;body&quot;,&quot;min_engine_cc&quot;],&quot;msg&quot;:&quot;Input should be greater than or equal to 50&quot;,&quot;input&quot;:0,&quot;ctx&quot;:{&quot;ge&quot;:50},&quot;url&quot;:&quot;https://errors.pydantic.dev/2.12/v/greater_than_equal&quot;}]}&#10;assert 422 == 200&#10; +  where 422 = &lt;Response [422]&gt;.status_code&quot;">backend/tests/test_comprehensive_regression.py:356: in created_route_id
    assert resp.status_code == 200, f"Route creation failed: {resp.text}"
E   AssertionError: Route creation failed: {"detail":[{"type":"greater_than_equal","loc":["body","min_engine_cc"],"msg":"Input should be greater than or equal to 50","input":0,"ctx":{"ge":50},"url":"https://errors.pydantic.dev/2.12/v/greater_than_equal"}]}
E   assert 422 == 200
E    +  where 422 = &lt;Response [422]&gt;.status_code</error></testcase><testcase classname="backend.tests.test_comprehensive_regression.TestRoutes" name="test_delete_route" time="0.051"><failure message="assert 422 == 200&#10; +  where 422 = &lt;Response [422]&gt;.status_code">backend/tests/test_comprehensive_regression.py:474: in test_delete_route
    assert resp.status_code == 200
E   assert 422 == 200
E    +  where 422 = &lt;Response [422]&gt;.status_code</failure></testcase><testcase classname="backend.tests.test_comprehensive_regression.TestRides" name="test_get_active_ride_empty" time="0.058" /><testcase classname="backend.tests.test_comprehensive_regression.TestRides" name="test_start_ride_without_license_fails" time="0.055"><error message="failed on setup with &quot;AssertionError: Failed to create ride route: {&quot;detail&quot;:[{&quot;type&quot;:&quot;greater_than_equal&quot;,&quot;loc&quot;:[&quot;body&quot;,&quot;min_engine_cc&quot;],&quot;msg&quot;:&quot;Input should be greater than or equal to 50&quot;,&quot;input&quot;:0,&quot;ctx&quot;:{&quot;ge&quot;:50},&quot;url&quot;:&quot;https://errors.pydantic.dev/2.12/v/greater_than_equal&quot;}]}&#10;assert 422 == 200&#10; +  where 422 = &lt;Response [422]&gt;.status_code&quot;">backend/tests/test_comprehensive_regression.py:510: in ride_route_id
    assert resp.status_code == 200, f"Failed to create ride route: {resp.text}"
E   AssertionError: Failed to create ride route: {"detail":[{"type":"greater_than_equal","loc":["body","min_engine_cc"],"msg":"Input should be greater than or equal to 50","input":0,"ctx":{"ge":50},"url":"https://errors.pydantic.dev/2.12/v/greater_than_equal"}]}
E   assert 422 == 200
E    +  where 422 = &lt;Response [422]&gt;.status_code</error></testcase><testcase classname="backend.tests.test_comprehensive_regression.TestRides" name="test_verify_user1_license_for_rides" time="0.236" /><testcase classname="backend.tests.test_comprehensive_regression.TestRides" name="test_start_ride" time="0.000"><error message="failed on setup with &quot;AssertionError: Failed to create ride route: {&quot;detail&quot;:[{&quot;type&quot;:&quot;greater_than_equal&quot;,&quot;loc&quot;:[&quot;body&quot;,&quot;min_engine_cc&quot;],&quot;msg&quot;:&quot;Input should be greater than or equal to 50&quot;,&quot;input&quot;:0,&quot;ctx&quot;:{&quot;ge&quot;:50},&quot;url&quot;:&quot;https://errors.pydantic.dev/2.12/v/greater_than_equal&quot;}]}&#10;assert 422 == 200&#10; +  where 422 = &lt;Response [422]&gt;.status_code&quot;">backend/tests/test_comprehensive_regression.py:510: in ride_route_id
    assert resp.status_code == 200, f"Failed to create ride route: {resp.text}"
E   AssertionError: Failed to create ride route: {"detail":[{"type":"greater_than_equal","loc":["body","min_engine_cc"],"msg":"Input should be greater than or equal to 50","input":0,"ctx":{"ge":50},"url":"https://errors.pydantic.dev/2.12/v/greater_than_equal"}]}
E   assert 422 == 200
E    +  where 422 = &lt;Response [422]&gt;.status_code</error></testcase><testcase classname="backend.tests.test_comprehensive_regression.TestRides" name="test_get_active_ride" time="0.060" /><testcase classname="backend.tests.test_comprehensive_regression.TestRides" name="test_pause_ride" time="0.000"><skipped type="pytest.skip" message="No active ride session">/app/backend/tests/test_comprehensive_regression.py:554: No active ride session</skipped></testcase><testcase classname="backend.tests.test_comprehensive_regression.TestRides" name="test_resume_ride" time="0.000"><skipped type="pytest.skip" message="No paused ride session">/app/backend/tests/test_comprehensive_regression.py:565: No paused ride session</skipped></testcase><testcase classname="backend.tests.test_comprehensive_regression.TestRides" name="test_get_active_ride_for_home" time="0.057" /><testcase classname="backend.tests.test_comprehensive_regression.TestRides" name="test_end_ride" time="0.001"><skipped type="pytest.skip" message="No active ride session">/app/backend/tests/test_comprehensive_regression.py:585: No active ride session</skipped></testcase><testcase classname="backend.tests.test_comprehensive_regression.TestEvents" name="test_create_event" time="0.072" /><testcase classname="backend.tests.test_comprehensive_regression.TestEvents" name="test_list_events" time="0.055" /><testcase classname="backend.tests.test_comprehensive_regression.TestEvents" name="test_get_my_events" time="0.053" /><testcase classname="backend.tests.test_comprehensive_regression.TestEvents" name="test_join_event" time="0.112" /><testcase classname="backend.tests.test_comprehensive_regression.TestEvents" name="test_leave_event" time="0.049" /><testcase classname="backend.tests.test_comprehensive_regression.TestEvents" name="test_delete_event" time="0.107" /><testcase classname="backend.tests.test_comprehensive_regression.TestMessages" name="test_get_message_inbox" time="0.083" /><testcase classname="backend.tests.test_comprehensive_regression.TestMessages" name="test_get_dm_messages" time="0.054" /><testcase classname="backend.tests.test_comprehensive_regression.TestMessages" name="test_send_dm_message" time="0.057" /><testcase classname="backend.tests.test_comprehensive_regression.TestMessages" name="test_messages_mark_read_dm" time="0.059" /><testcase classname="backend.tests.test_comprehensive_regression.TestMessages" name="test_messages_unread_summary" time="0.066" /><testcase classname="backend.tests.test_comprehensive_regression.TestGroups" name="test_create_group" time="0.058" /><testcase classname="backend.tests.test_comprehensive_regression.TestGroups" name="test_list_groups" time="0.053" /><testcase classname="backend.tests.test_comprehensive_regression.TestGroups" name="test_search_groups" time="0.054" /><testcase classname="backend.tests.test_comprehensive_regression.TestGroups" name="test_join_group" time="0.102" /><testcase classname="backend.tests.test_comprehensive_regression.TestGroups" name="test_get_group_messages" time="0.054" /><testcase classname="backend.tests.test_comprehensive_regression.TestGroups" name="test_send_group_message" time="0.054" /><testcase classname="backend.tests.test_comprehensive_regression.TestGroups" name="test_mark_read_group" time="0.054" /><testcase classname="backend.tests.test_comprehensive_regression.TestNotifications" name="test_get_notifications" time="0.057" /><testcase classname="backend.tests.test_comprehensive_regression.TestNotifications" name="test_get_unread_notification_count" time="0.053" /><testcase classname="backend.tests.test_comprehensive_regression.TestNotifications" name="test_mark_all_notifications_read" time="0.053" /><testcase classname="backend.tests.test_comprehensive_regression.TestNotifications" name="test_unread_count_after_read_all" time="0.060" /><testcase classname="backend.tests.test_comprehensive_regression.TestMap" name="test_map_events" time="0.052" /><testcase classname="backend.tests.test_comprehensive_regression.TestMap" name="test_map_get_police_reports" time="0.060" /><testcase classname="backend.tests.test_comprehensive_regression.TestMap" name="test_map_create_police_report" time="0.056" /><testcase classname="backend.tests.test_comprehensive_regression.TestMap" name="test_map_vote_police_report" time="0.053" /><testcase classname="backend.tests.test_comprehensive_regression.TestMap" name="test_map_gas_service" time="0.620" /><testcase classname="backend.tests.test_comprehensive_regression.TestStories" name="test_create_story" time="0.060" /><testcase classname="backend.tests.test_comprehensive_regression.TestStories" name="test_list_stories" time="0.056" /><testcase classname="backend.tests.test_comprehensive_regression.TestStories" name="test_view_story" time="0.060" /><testcase classname="backend.tests.test_comprehensive_regression.TestStories" name="test_self_view_story_not_counted" time="0.055" /><testcase classname="backend.tests.test_comprehensive_regression.TestStories" name="test_delete_story" time="0.107" /><testcase classname="backend.tests.test_comprehensive_regression.TestStories" name="test_delete_other_user_story_returns_404" time="0.059" /><testcase classname="backend.tests.test_comprehensive_regression.TestLeaderboard" name="test_get_leaderboard" time="0.056" /><testcase classname="backend.tests.test_comprehensive_regression.TestLeaderboard" name="test_get_leaderboard_no_token" time="0.055" /><testcase classname="backend.tests.test_comprehensive_regression.TestBadges" name="test_get_my_badges" time="0.057" /><testcase classname="backend.tests.test_comprehensive_regression.TestBadges" name="test_get_all_badge_definitions" time="0.047" /><testcase classname="backend.tests.test_comprehensive_regression.TestMarketplace" name="test_list_marketplace_listings" time="0.367" /><testcase classname="backend.tests.test_comprehensive_regression.TestMarketplace" name="test_create_marketplace_listing" time="0.063" /><testcase classname="backend.tests.test_comprehensive_regression.TestMarketplace" name="test_get_single_marketplace_listing" time="0.051" /><testcase classname="backend.tests.test_comprehensive_regression.TestMarketplace" name="test_list_my_marketplace_listings" time="0.050" /><testcase classname="backend.tests.test_comprehensive_regression.TestMarketplace" name="test_delete_marketplace_listing" time="0.119" /><testcase classname="backend.tests.test_comprehensive_regression.TestPlaces" name="test_places_autocomplete_correct_param" time="0.129" /><testcase classname="backend.tests.test_comprehensive_regression.TestPlaces" name="test_places_autocomplete_wrong_param_returns_422" time="0.053" /><testcase classname="backend.tests.test_comprehensive_regression.TestPlaces" name="test_users_search_wrong_param_returns_422" time="0.052" /></testsuite></testsuites>