<?xml version="1.0" encoding="utf-8"?><testsuites name="pytest tests"><testsuite name="pytest" errors="0" failures="0" skipped="0" tests="6" time="4.127" timestamp="2026-02-17T08:48:55.471520+00:00" hostname="agent-env-a891ea46-444c-44bb-9bd3-d24fbd19d430"><testcase classname="backend.tests.test_route_join.TestRouteJoin" name="test_user_has_125cc_bike" time="0.959" /><testcase classname="backend.tests.test_route_join.TestRouteJoin" name="test_user_license_verified" time="0.660" /><testcase classname="backend.tests.test_route_join.TestRouteJoin" name="test_get_routes_with_min_cc" time="0.500" /><testcase classname="backend.tests.test_route_join.TestRouteJoin" name="test_join_route_with_insufficient_cc" time="0.657" /><testcase classname="backend.tests.test_route_join.TestRouteJoin" name="test_routes_feed_loads_correctly" time="0.465" /><testcase classname="backend.tests.test_route_join.TestRouteJoin" name="test_route_join_without_cc_restriction" time="0.836" /></testsuite></testsuites>