<?xml version="1.0" encoding="utf-8"?><testsuites name="pytest tests"><testsuite name="pytest" errors="0" failures="0" skipped="0" tests="12" time="4.585" timestamp="2026-02-21T12:58:09.350845+00:00" hostname="agent-env-c7704619-1e22-471f-9e18-5edf6a745bdb"><testcase classname="backend.tests.test_location_sharing.TestLocationSharing" name="test_health_endpoint" time="0.144" /><testcase classname="backend.tests.test_location_sharing.TestLocationSharing" name="test_location_update_requires_auth" time="0.108" /><testcase classname="backend.tests.test_location_sharing.TestLocationSharing" name="test_location_update_success" time="0.443" /><testcase classname="backend.tests.test_location_sharing.TestLocationSharing" name="test_location_update_validates_lat_bounds" time="0.457" /><testcase classname="backend.tests.test_location_sharing.TestLocationSharing" name="test_location_update_validates_lng_bounds" time="0.425" /><testcase classname="backend.tests.test_location_sharing.TestLocationSharing" name="test_friends_locations_requires_auth" time="0.112" /><testcase classname="backend.tests.test_location_sharing.TestLocationSharing" name="test_friends_locations_returns_array" time="0.374" /><testcase classname="backend.tests.test_location_sharing.TestLocationSharing" name="test_friends_locations_structure" time="0.712" /><testcase classname="backend.tests.test_location_sharing.TestLocationSharingEdgeCases" name="test_location_update_missing_lat" time="0.393" /><testcase classname="backend.tests.test_location_sharing.TestLocationSharingEdgeCases" name="test_location_update_missing_lng" time="0.387" /><testcase classname="backend.tests.test_location_sharing.TestLocationSharingEdgeCases" name="test_location_update_empty_body" time="0.388" /><testcase classname="backend.tests.test_location_sharing.TestLocationSharingEdgeCases" name="test_location_update_boundary_values" time="0.579" /></testsuite></testsuites>