<?xml version="1.0" encoding="utf-8"?><testsuites name="pytest tests"><testsuite name="pytest" errors="0" failures="0" skipped="0" tests="10" time="1.699" timestamp="2026-02-16T21:38:48.447372+00:00" hostname="agent-env-b2e98540-29ee-48a5-8bea-da83bb9e2a41"><testcase classname="backend.tests.test_iteration5_mapv2.TestStaticMapImage" name="test_static_image_with_lat_lng_returns_200_with_image" time="0.688" /><testcase classname="backend.tests.test_iteration5_mapv2.TestStaticMapImage" name="test_static_image_with_polyline_returns_200" time="0.263" /><testcase classname="backend.tests.test_iteration5_mapv2.TestStaticMapImage" name="test_static_image_without_params_returns_400" time="0.210" /><testcase classname="backend.tests.test_iteration5_mapv2.TestMapAPIs" name="test_routes_endpoint_returns_200" time="0.201" /><testcase classname="backend.tests.test_iteration5_mapv2.TestMapAPIs" name="test_events_endpoint_returns_200" time="0.150" /><testcase classname="backend.tests.test_iteration5_mapv2.TestMapAPIs" name="test_map_events_with_bounds_returns_200" time="0.127" /><testcase classname="backend.tests.test_iteration5_mapv2.TestFrontendCodeStructure" name="test_place_search_input_no_flatlist_import" time="0.001" /><testcase classname="backend.tests.test_iteration5_mapv2.TestFrontendCodeStructure" name="test_map_canvas_native_has_user_location_marker_styles" time="0.000" /><testcase classname="backend.tests.test_iteration5_mapv2.TestFrontendCodeStructure" name="test_map_canvas_web_has_new_props_in_type" time="0.001" /><testcase classname="backend.tests.test_iteration5_mapv2.TestFrontendCodeStructure" name="test_map_screen_passes_props_to_canvas" time="0.000" /></testsuite></testsuites>