<?xml version="1.0" encoding="utf-8"?><testsuites name="pytest tests"><testsuite name="pytest" errors="0" failures="0" skipped="6" tests="9" time="1.323" timestamp="2026-02-16T21:50:56.032306+00:00" hostname="agent-env-b2e98540-29ee-48a5-8bea-da83bb9e2a41"><testcase classname="backend.tests.test_iteration6_fixes.TestStaticMapImage" name="test_static_image_with_lat_lng_returns_200" time="0.494" /><testcase classname="backend.tests.test_iteration6_fixes.TestStaticMapImage" name="test_static_image_with_polyline_returns_200" time="0.295" /><testcase classname="backend.tests.test_iteration6_fixes.TestStaticMapImage" name="test_static_image_no_params_returns_400" time="0.309" /><testcase classname="backend.tests.test_iteration6_fixes.TestMeEndpointPrivacy" name="test_get_me_returns_privacy_field" time="0.166"><skipped type="pytest.skip" message="User1 authentication failed: 404 - {&quot;detail&quot;:&quot;Not Found&quot;}">/app/backend/tests/test_iteration6_fixes.py:114: User1 authentication failed: 404 - {"detail":"Not Found"}</skipped></testcase><testcase classname="backend.tests.test_iteration6_fixes.TestMeEndpointPrivacy" name="test_patch_me_with_privacy_saves_settings" time="0.000"><skipped type="pytest.skip" message="User1 authentication failed: 404 - {&quot;detail&quot;:&quot;Not Found&quot;}">/app/backend/tests/test_iteration6_fixes.py:133: User1 authentication failed: 404 - {"detail":"Not Found"}</skipped></testcase><testcase classname="backend.tests.test_iteration6_fixes.TestUserProfileRelationship" name="test_get_user_returns_relationship_self" time="0.000"><skipped type="pytest.skip" message="User1 authentication failed: 404 - {&quot;detail&quot;:&quot;Not Found&quot;}">/app/backend/tests/test_iteration6_fixes.py:184: User1 authentication failed: 404 - {"detail":"Not Found"}</skipped></testcase><testcase classname="backend.tests.test_iteration6_fixes.TestUserProfileRelationship" name="test_get_other_user_returns_relationship" time="0.000"><skipped type="pytest.skip" message="User1 authentication failed: 404 - {&quot;detail&quot;:&quot;Not Found&quot;}">/app/backend/tests/test_iteration6_fixes.py:196: User1 authentication failed: 404 - {"detail":"Not Found"}</skipped></testcase><testcase classname="backend.tests.test_iteration6_fixes.TestFriendsRemove" name="test_friends_remove_success" time="0.000"><skipped type="pytest.skip" message="User1 authentication failed: 404 - {&quot;detail&quot;:&quot;Not Found&quot;}">/app/backend/tests/test_iteration6_fixes.py:214: User1 authentication failed: 404 - {"detail":"Not Found"}</skipped></testcase><testcase classname="backend.tests.test_iteration6_fixes.TestFriendsRemove" name="test_friends_remove_not_friend_returns_400" time="0.000"><skipped type="pytest.skip" message="User1 authentication failed: 404 - {&quot;detail&quot;:&quot;Not Found&quot;}">/app/backend/tests/test_iteration6_fixes.py:283: User1 authentication failed: 404 - {"detail":"Not Found"}</skipped></testcase></testsuite></testsuites>