<?xml version="1.0" encoding="utf-8"?><testsuites name="pytest tests"><testsuite name="pytest" errors="0" failures="0" skipped="0" tests="13" time="4.071" timestamp="2026-03-25T14:01:55.490665+00:00" hostname="agent-env-61d6df81-b7ed-4c44-b2db-0720598c50a7"><testcase classname="backend.tests.test_iteration13_stripe_removal.TestEmailLogin" name="test_login_success_with_test_user" time="0.483" /><testcase classname="backend.tests.test_iteration13_stripe_removal.TestEmailLogin" name="test_login_invalid_credentials" time="0.369" /><testcase classname="backend.tests.test_iteration13_stripe_removal.TestGoogleAuth" name="test_google_auth_invalid_session_id" time="0.273" /><testcase classname="backend.tests.test_iteration13_stripe_removal.TestGoogleAuth" name="test_google_auth_empty_session_id" time="0.215" /><testcase classname="backend.tests.test_iteration13_stripe_removal.TestGoogleAuth" name="test_google_auth_endpoint_exists" time="0.240" /><testcase classname="backend.tests.test_iteration13_stripe_removal.TestPremiumPaymentsStatus" name="test_payments_status_stripe_removed" time="0.480" /><testcase classname="backend.tests.test_iteration13_stripe_removal.TestPremiumPaymentsStatus" name="test_payments_status_requires_auth" time="0.130" /><testcase classname="backend.tests.test_iteration13_stripe_removal.TestStripeCheckoutRemoved" name="test_checkout_returns_410" time="0.444" /><testcase classname="backend.tests.test_iteration13_stripe_removal.TestStripeCheckoutRemoved" name="test_checkout_status_returns_410" time="0.470" /><testcase classname="backend.tests.test_iteration13_stripe_removal.TestStripeCheckoutRemoved" name="test_stripe_webhook_returns_410" time="0.146" /><testcase classname="backend.tests.test_iteration13_stripe_removal.TestPremiumStatus" name="test_premium_status_returns_correct_structure" time="0.470" /><testcase classname="backend.tests.test_iteration13_stripe_removal.TestHealthAndBasics" name="test_health_endpoint" time="0.175" /><testcase classname="backend.tests.test_iteration13_stripe_removal.TestHealthAndBasics" name="test_root_endpoint" time="0.112" /></testsuite></testsuites>