<?xml version="1.0" encoding="utf-8"?><testsuites name="pytest tests"><testsuite name="pytest" errors="0" failures="1" skipped="0" tests="10" time="2.272" timestamp="2026-02-16T21:38:14.015024+00:00" hostname="agent-env-b2e98540-29ee-48a5-8bea-da83bb9e2a41"><testcase classname="backend.tests.test_iteration5_mapv2.TestStaticMapImage" name="test_static_image_with_lat_lng_returns_200_with_image" time="0.997" /><testcase classname="backend.tests.test_iteration5_mapv2.TestStaticMapImage" name="test_static_image_with_polyline_returns_200" time="0.438" /><testcase classname="backend.tests.test_iteration5_mapv2.TestStaticMapImage" name="test_static_image_without_params_returns_400" time="0.182" /><testcase classname="backend.tests.test_iteration5_mapv2.TestMapAPIs" name="test_routes_endpoint_returns_200" time="0.235" /><testcase classname="backend.tests.test_iteration5_mapv2.TestMapAPIs" name="test_events_endpoint_returns_200" time="0.130" /><testcase classname="backend.tests.test_iteration5_mapv2.TestMapAPIs" name="test_map_events_with_bounds_returns_200" time="0.214" /><testcase classname="backend.tests.test_iteration5_mapv2.TestFrontendCodeStructure" name="test_place_search_input_no_flatlist_import" time="0.001"><failure message="AssertionError: PlaceSearchInput should import ScrollView&#10;assert None is not None">backend/tests/test_iteration5_mapv2.py:178: in test_place_search_input_no_flatlist_import
    assert scrollview_import is not None, "PlaceSearchInput should import ScrollView"
E   AssertionError: PlaceSearchInput should import ScrollView
E   assert None is not None</failure></testcase><testcase classname="backend.tests.test_iteration5_mapv2.TestFrontendCodeStructure" name="test_map_canvas_native_has_user_location_marker_styles" time="0.000" /><testcase classname="backend.tests.test_iteration5_mapv2.TestFrontendCodeStructure" name="test_map_canvas_web_has_new_props_in_type" time="0.000" /><testcase classname="backend.tests.test_iteration5_mapv2.TestFrontendCodeStructure" name="test_map_screen_passes_props_to_canvas" time="0.000" /></testsuite></testsuites>