<?xml version="1.0" encoding="utf-8"?><testsuites name="pytest tests"><testsuite name="pytest" errors="0" failures="0" skipped="0" tests="13" time="7.917" timestamp="2026-02-16T21:26:11.297463+00:00" hostname="agent-env-b2e98540-29ee-48a5-8bea-da83bb9e2a41"><testcase classname="backend.tests.test_iteration4_features.TestHealthAndBasicEndpoints" name="test_health_endpoint" time="0.382" /><testcase classname="backend.tests.test_iteration4_features.TestGetMeWithPrivacySettings" name="test_get_me_returns_privacy" time="0.861" /><testcase classname="backend.tests.test_iteration4_features.TestPatchMePrivacySettings" name="test_patch_me_privacy_settings" time="1.438" /><testcase classname="backend.tests.test_iteration4_features.TestGetUserWithRelationship" name="test_get_own_user_returns_self_relationship" time="0.525" /><testcase classname="backend.tests.test_iteration4_features.TestGetUserWithRelationship" name="test_get_other_user_returns_relationship_status" time="1.091" /><testcase classname="backend.tests.test_iteration4_features.TestGetUserWithRelationship" name="test_get_user_returns_joined_routes_and_events" time="0.832" /><testcase classname="backend.tests.test_iteration4_features.TestFriendsEndpoints" name="test_get_friends_requests_returns_200" time="0.533" /><testcase classname="backend.tests.test_iteration4_features.TestFriendsEndpoints" name="test_get_friends_list_returns_200" time="0.230" /><testcase classname="backend.tests.test_iteration4_features.TestFriendsRemoveEndpoint" name="test_friends_remove_not_in_list" time="0.190" /><testcase classname="backend.tests.test_iteration4_features.TestFriendsRemoveEndpoint" name="test_friends_remove_endpoint_exists" time="0.171" /><testcase classname="backend.tests.test_iteration4_features.TestNotificationsEndpoint" name="test_get_notifications_returns_200" time="0.212" /><testcase classname="backend.tests.test_iteration4_features.TestMarketplaceEndpoint" name="test_get_marketplace_listings_returns_200" time="0.472" /><testcase classname="backend.tests.test_iteration4_features.TestFriendshipFlow" name="test_friendship_flow" time="0.901" /></testsuite></testsuites>