<?xml version="1.0" encoding="utf-8"?><testsuites name="pytest tests"><testsuite name="pytest" errors="0" failures="0" skipped="0" tests="12" time="3.993" timestamp="2026-02-16T21:08:51.153625+00:00" hostname="agent-env-b2e98540-29ee-48a5-8bea-da83bb9e2a41"><testcase classname="backend.tests.test_iteration3_apis.TestAuth" name="test_login_success" time="0.666" /><testcase classname="backend.tests.test_iteration3_apis.TestAuth" name="test_login_invalid_credentials" time="0.296" /><testcase classname="backend.tests.test_iteration3_apis.TestNotifications" name="test_get_notifications_returns_200" time="0.605" /><testcase classname="backend.tests.test_iteration3_apis.TestNotifications" name="test_get_unread_count_returns_200_with_count" time="0.249" /><testcase classname="backend.tests.test_iteration3_apis.TestFriendRequests" name="test_get_friend_requests_returns_200" time="0.203" /><testcase classname="backend.tests.test_iteration3_apis.TestMapStaticImage" name="test_static_image_with_lat_lng_returns_302" time="0.219" /><testcase classname="backend.tests.test_iteration3_apis.TestMapStaticImage" name="test_static_image_with_polyline_returns_302" time="0.152" /><testcase classname="backend.tests.test_iteration3_apis.TestMapStaticImage" name="test_static_image_missing_params_returns_400" time="0.274" /><testcase classname="backend.tests.test_iteration3_apis.TestRoutes" name="test_get_routes_returns_200" time="0.159" /><testcase classname="backend.tests.test_iteration3_apis.TestMarketplace" name="test_get_listings_returns_200" time="0.731" /><testcase classname="backend.tests.test_iteration3_apis.TestHealthAndBasics" name="test_health_endpoint" time="0.211" /><testcase classname="backend.tests.test_iteration3_apis.TestHealthAndBasics" name="test_root_endpoint" time="0.166" /></testsuite></testsuites>